{"/Users/axceldev/Documents/Cursos/Node/07-RestWeb/src/app.ts": {"path":"/Users/axceldev/Documents/Cursos/Node/07-RestWeb/src/app.ts","all":false,"statementMap":{"0":{"start":{"line":1,"column":0},"end":{"line":1,"column":57}},"1":{"start":{"line":2,"column":0},"end":{"line":2,"column":47}},"2":{"start":{"line":3,"column":0},"end":{"line":3,"column":37}},"3":{"start":{"line":4,"column":0},"end":{"line":4,"column":0}},"4":{"start":{"line":5,"column":0},"end":{"line":5,"column":15}},"5":{"start":{"line":6,"column":0},"end":{"line":6,"column":0}},"6":{"start":{"line":7,"column":0},"end":{"line":7,"column":11}},"7":{"start":{"line":8,"column":0},"end":{"line":8,"column":0}},"8":{"start":{"line":9,"column":0},"end":{"line":9,"column":5}},"9":{"start":{"line":10,"column":0},"end":{"line":10,"column":0}},"10":{"start":{"line":11,"column":0},"end":{"line":11,"column":17}},"11":{"start":{"line":12,"column":0},"end":{"line":12,"column":31}},"12":{"start":{"line":13,"column":0},"end":{"line":13,"column":25}},"13":{"start":{"line":14,"column":0},"end":{"line":14,"column":37}},"14":{"start":{"line":15,"column":0},"end":{"line":15,"column":32}},"15":{"start":{"line":16,"column":0},"end":{"line":16,"column":7}},"16":{"start":{"line":17,"column":0},"end":{"line":17,"column":19}},"17":{"start":{"line":18,"column":0},"end":{"line":18,"column":1}}},"s":{"0":1,"1":1,"2":1,"3":1,"4":1,"5":1,"6":1,"7":1,"8":1,"9":1,"10":1,"11":1,"12":1,"13":1,"14":1,"15":1,"16":1,"17":1},"branchMap":{"0":{"type":"branch","line":5,"loc":{"start":{"line":5,"column":2},"end":{"line":9,"column":2}},"locations":[{"start":{"line":5,"column":2},"end":{"line":9,"column":2}}]},"1":{"type":"branch","line":5,"loc":{"start":{"line":5,"column":13},"end":{"line":9,"column":2}},"locations":[{"start":{"line":5,"column":13},"end":{"line":9,"column":2}}]},"2":{"type":"branch","line":11,"loc":{"start":{"line":11,"column":0},"end":{"line":18,"column":1}},"locations":[{"start":{"line":11,"column":0},"end":{"line":18,"column":1}}]}},"b":{"0":[1],"1":[1],"2":[1]},"fnMap":{"0":{"name":"main","decl":{"start":{"line":11,"column":0},"end":{"line":18,"column":1}},"loc":{"start":{"line":11,"column":0},"end":{"line":18,"column":1}},"line":11}},"f":{"0":1}}
,"/Users/axceldev/Documents/Cursos/Node/07-RestWeb/src/applications/server.ts": {"path":"/Users/axceldev/Documents/Cursos/Node/07-RestWeb/src/applications/server.ts","all":false,"statementMap":{"0":{"start":{"line":1,"column":0},"end":{"line":1,"column":42}},"1":{"start":{"line":2,"column":0},"end":{"line":2,"column":24}},"2":{"start":{"line":3,"column":0},"end":{"line":3,"column":38}},"3":{"start":{"line":4,"column":0},"end":{"line":4,"column":0}},"4":{"start":{"line":5,"column":0},"end":{"line":5,"column":19}},"5":{"start":{"line":6,"column":0},"end":{"line":6,"column":17}},"6":{"start":{"line":7,"column":0},"end":{"line":7,"column":19}},"7":{"start":{"line":8,"column":0},"end":{"line":8,"column":24}},"8":{"start":{"line":9,"column":0},"end":{"line":9,"column":1}},"9":{"start":{"line":10,"column":0},"end":{"line":10,"column":0}},"10":{"start":{"line":11,"column":0},"end":{"line":11,"column":21}},"11":{"start":{"line":12,"column":0},"end":{"line":12,"column":0}},"12":{"start":{"line":13,"column":0},"end":{"line":13,"column":36}},"13":{"start":{"line":14,"column":0},"end":{"line":14,"column":30}},"14":{"start":{"line":15,"column":0},"end":{"line":15,"column":35}},"15":{"start":{"line":16,"column":0},"end":{"line":16,"column":41}},"16":{"start":{"line":17,"column":0},"end":{"line":17,"column":37}},"17":{"start":{"line":18,"column":0},"end":{"line":18,"column":0}},"18":{"start":{"line":19,"column":0},"end":{"line":19,"column":0}},"19":{"start":{"line":20,"column":0},"end":{"line":20,"column":35}},"20":{"start":{"line":21,"column":0},"end":{"line":21,"column":53}},"21":{"start":{"line":22,"column":0},"end":{"line":22,"column":25}},"22":{"start":{"line":23,"column":0},"end":{"line":23,"column":49}},"23":{"start":{"line":24,"column":0},"end":{"line":24,"column":29}},"24":{"start":{"line":25,"column":0},"end":{"line":25,"column":5}},"25":{"start":{"line":26,"column":0},"end":{"line":26,"column":0}},"26":{"start":{"line":27,"column":0},"end":{"line":27,"column":19}},"27":{"start":{"line":28,"column":0},"end":{"line":28,"column":0}},"28":{"start":{"line":29,"column":0},"end":{"line":29,"column":23}},"29":{"start":{"line":30,"column":0},"end":{"line":30,"column":37}},"30":{"start":{"line":31,"column":0},"end":{"line":31,"column":61}},"31":{"start":{"line":32,"column":0},"end":{"line":32,"column":36}},"32":{"start":{"line":33,"column":0},"end":{"line":33,"column":8}},"33":{"start":{"line":34,"column":0},"end":{"line":34,"column":25}},"34":{"start":{"line":35,"column":0},"end":{"line":35,"column":63}},"35":{"start":{"line":36,"column":0},"end":{"line":36,"column":0}},"36":{"start":{"line":37,"column":0},"end":{"line":37,"column":18}},"37":{"start":{"line":38,"column":0},"end":{"line":38,"column":34}},"38":{"start":{"line":39,"column":0},"end":{"line":39,"column":8}},"39":{"start":{"line":40,"column":0},"end":{"line":40,"column":15}},"40":{"start":{"line":41,"column":0},"end":{"line":41,"column":41}},"41":{"start":{"line":42,"column":0},"end":{"line":42,"column":87}},"42":{"start":{"line":43,"column":0},"end":{"line":43,"column":36}},"43":{"start":{"line":44,"column":0},"end":{"line":44,"column":11}},"44":{"start":{"line":45,"column":0},"end":{"line":45,"column":0}},"45":{"start":{"line":46,"column":0},"end":{"line":46,"column":62}},"46":{"start":{"line":47,"column":0},"end":{"line":47,"column":65}},"47":{"start":{"line":48,"column":0},"end":{"line":48,"column":11}},"48":{"start":{"line":49,"column":0},"end":{"line":49,"column":5}},"49":{"start":{"line":50,"column":0},"end":{"line":50,"column":0}},"50":{"start":{"line":51,"column":0},"end":{"line":51,"column":20}},"51":{"start":{"line":52,"column":0},"end":{"line":52,"column":34}},"52":{"start":{"line":53,"column":0},"end":{"line":53,"column":5}},"53":{"start":{"line":54,"column":0},"end":{"line":54,"column":1}}},"s":{"0":1,"1":1,"2":1,"3":1,"4":1,"5":1,"6":1,"7":1,"8":1,"9":1,"10":1,"11":1,"12":1,"13":1,"14":1,"15":1,"16":1,"17":1,"18":1,"19":1,"20":1,"21":1,"22":1,"23":1,"24":1,"25":1,"26":1,"27":1,"28":1,"29":1,"30":1,"31":1,"32":1,"33":1,"34":1,"35":1,"36":1,"37":1,"38":1,"39":1,"40":1,"41":0,"42":0,"43":1,"44":1,"45":1,"46":1,"47":1,"48":1,"49":1,"50":1,"51":1,"52":1,"53":1},"branchMap":{"0":{"type":"branch","line":20,"loc":{"start":{"line":20,"column":4},"end":{"line":25,"column":5}},"locations":[{"start":{"line":20,"column":4},"end":{"line":25,"column":5}}]},"1":{"type":"branch","line":27,"loc":{"start":{"line":27,"column":10},"end":{"line":49,"column":5}},"locations":[{"start":{"line":27,"column":10},"end":{"line":49,"column":5}}]},"2":{"type":"branch","line":46,"loc":{"start":{"line":46,"column":55},"end":{"line":48,"column":9}},"locations":[{"start":{"line":46,"column":55},"end":{"line":48,"column":9}}]},"3":{"type":"branch","line":51,"loc":{"start":{"line":51,"column":11},"end":{"line":53,"column":5}},"locations":[{"start":{"line":51,"column":11},"end":{"line":53,"column":5}}]}},"b":{"0":[1],"1":[1],"2":[1],"3":[1]},"fnMap":{"0":{"name":"Server","decl":{"start":{"line":20,"column":4},"end":{"line":25,"column":5}},"loc":{"start":{"line":20,"column":4},"end":{"line":25,"column":5}},"line":20},"1":{"name":"start","decl":{"start":{"line":27,"column":10},"end":{"line":49,"column":5}},"loc":{"start":{"line":27,"column":10},"end":{"line":49,"column":5}},"line":27},"2":{"name":"close","decl":{"start":{"line":51,"column":11},"end":{"line":53,"column":5}},"loc":{"start":{"line":51,"column":11},"end":{"line":53,"column":5}},"line":51}},"f":{"0":1,"1":1,"2":1}}
,"/Users/axceldev/Documents/Cursos/Node/07-RestWeb/src/applications/controllers/todo-controller.ts": {"path":"/Users/axceldev/Documents/Cursos/Node/07-RestWeb/src/applications/controllers/todo-controller.ts","all":false,"statementMap":{"0":{"start":{"line":1,"column":0},"end":{"line":1,"column":47}},"1":{"start":{"line":2,"column":0},"end":{"line":2,"column":144}},"2":{"start":{"line":3,"column":0},"end":{"line":3,"column":27}},"3":{"start":{"line":4,"column":0},"end":{"line":4,"column":0}},"4":{"start":{"line":5,"column":0},"end":{"line":5,"column":29}},"5":{"start":{"line":6,"column":0},"end":{"line":6,"column":0}},"6":{"start":{"line":7,"column":0},"end":{"line":7,"column":16}},"7":{"start":{"line":8,"column":0},"end":{"line":8,"column":55}},"8":{"start":{"line":9,"column":0},"end":{"line":9,"column":8}},"9":{"start":{"line":10,"column":0},"end":{"line":10,"column":0}},"10":{"start":{"line":11,"column":0},"end":{"line":11,"column":62}},"11":{"start":{"line":12,"column":0},"end":{"line":12,"column":0}},"12":{"start":{"line":13,"column":0},"end":{"line":13,"column":43}},"13":{"start":{"line":14,"column":0},"end":{"line":14,"column":79}},"14":{"start":{"line":15,"column":0},"end":{"line":15,"column":9}},"15":{"start":{"line":16,"column":0},"end":{"line":16,"column":8}},"16":{"start":{"line":17,"column":0},"end":{"line":17,"column":94}},"17":{"start":{"line":18,"column":0},"end":{"line":18,"column":5}},"18":{"start":{"line":19,"column":0},"end":{"line":19,"column":0}},"19":{"start":{"line":20,"column":0},"end":{"line":20,"column":0}},"20":{"start":{"line":21,"column":0},"end":{"line":21,"column":60}},"21":{"start":{"line":22,"column":0},"end":{"line":22,"column":8}},"22":{"start":{"line":23,"column":0},"end":{"line":23,"column":41}},"23":{"start":{"line":24,"column":0},"end":{"line":24,"column":22}},"24":{"start":{"line":25,"column":0},"end":{"line":25,"column":43}},"25":{"start":{"line":26,"column":0},"end":{"line":26,"column":58}},"26":{"start":{"line":27,"column":0},"end":{"line":27,"column":5}},"27":{"start":{"line":28,"column":0},"end":{"line":28,"column":0}},"28":{"start":{"line":29,"column":0},"end":{"line":29,"column":59}},"29":{"start":{"line":30,"column":0},"end":{"line":30,"column":0}},"30":{"start":{"line":31,"column":0},"end":{"line":31,"column":34}},"31":{"start":{"line":32,"column":0},"end":{"line":32,"column":0}},"32":{"start":{"line":33,"column":0},"end":{"line":33,"column":40}},"33":{"start":{"line":34,"column":0},"end":{"line":34,"column":49}},"34":{"start":{"line":35,"column":0},"end":{"line":35,"column":54}},"35":{"start":{"line":36,"column":0},"end":{"line":36,"column":0}},"36":{"start":{"line":37,"column":0},"end":{"line":37,"column":5}},"37":{"start":{"line":38,"column":0},"end":{"line":38,"column":0}},"38":{"start":{"line":39,"column":0},"end":{"line":39,"column":58}},"39":{"start":{"line":40,"column":0},"end":{"line":40,"column":0}},"40":{"start":{"line":41,"column":0},"end":{"line":41,"column":70}},"41":{"start":{"line":42,"column":0},"end":{"line":42,"column":0}},"42":{"start":{"line":43,"column":0},"end":{"line":43,"column":58}},"43":{"start":{"line":44,"column":0},"end":{"line":44,"column":0}},"44":{"start":{"line":45,"column":0},"end":{"line":45,"column":43}},"45":{"start":{"line":46,"column":0},"end":{"line":46,"column":32}},"46":{"start":{"line":47,"column":0},"end":{"line":47,"column":49}},"47":{"start":{"line":48,"column":0},"end":{"line":48,"column":54}},"48":{"start":{"line":49,"column":0},"end":{"line":49,"column":0}},"49":{"start":{"line":50,"column":0},"end":{"line":50,"column":5}},"50":{"start":{"line":51,"column":0},"end":{"line":51,"column":0}},"51":{"start":{"line":52,"column":0},"end":{"line":52,"column":59}},"52":{"start":{"line":53,"column":0},"end":{"line":53,"column":0}},"53":{"start":{"line":54,"column":0},"end":{"line":54,"column":34}},"54":{"start":{"line":55,"column":0},"end":{"line":55,"column":0}},"55":{"start":{"line":56,"column":0},"end":{"line":56,"column":81}},"56":{"start":{"line":57,"column":0},"end":{"line":57,"column":0}},"57":{"start":{"line":58,"column":0},"end":{"line":58,"column":63}},"58":{"start":{"line":59,"column":0},"end":{"line":59,"column":0}},"59":{"start":{"line":60,"column":0},"end":{"line":60,"column":43}},"60":{"start":{"line":61,"column":0},"end":{"line":61,"column":32}},"61":{"start":{"line":62,"column":0},"end":{"line":62,"column":37}},"62":{"start":{"line":63,"column":0},"end":{"line":63,"column":54}},"63":{"start":{"line":64,"column":0},"end":{"line":64,"column":0}},"64":{"start":{"line":65,"column":0},"end":{"line":65,"column":5}},"65":{"start":{"line":66,"column":0},"end":{"line":66,"column":0}},"66":{"start":{"line":67,"column":0},"end":{"line":67,"column":58}},"67":{"start":{"line":68,"column":0},"end":{"line":68,"column":0}},"68":{"start":{"line":69,"column":0},"end":{"line":69,"column":34}},"69":{"start":{"line":70,"column":0},"end":{"line":70,"column":1}},"70":{"start":{"line":71,"column":0},"end":{"line":71,"column":43}},"71":{"start":{"line":72,"column":0},"end":{"line":72,"column":20}},"72":{"start":{"line":73,"column":0},"end":{"line":73,"column":54}},"73":{"start":{"line":74,"column":0},"end":{"line":74,"column":54}},"74":{"start":{"line":75,"column":0},"end":{"line":75,"column":0}},"75":{"start":{"line":76,"column":0},"end":{"line":76,"column":5}},"76":{"start":{"line":77,"column":0},"end":{"line":77,"column":0}},"77":{"start":{"line":78,"column":0},"end":{"line":78,"column":0}},"78":{"start":{"line":79,"column":0},"end":{"line":79,"column":0}},"79":{"start":{"line":80,"column":0},"end":{"line":80,"column":1}}},"s":{"0":1,"1":1,"2":1,"3":1,"4":1,"5":1,"6":1,"7":2,"8":2,"9":1,"10":1,"11":3,"12":3,"13":3,"14":3,"15":0,"16":0,"17":0,"18":1,"19":1,"20":1,"21":1,"22":1,"23":1,"24":1,"25":1,"26":1,"27":1,"28":1,"29":2,"30":2,"31":2,"32":2,"33":2,"34":2,"35":2,"36":2,"37":1,"38":1,"39":2,"40":2,"41":2,"42":2,"43":0,"44":0,"45":0,"46":0,"47":0,"48":0,"49":0,"50":1,"51":1,"52":3,"53":3,"54":3,"55":3,"56":3,"57":3,"58":3,"59":3,"60":3,"61":3,"62":3,"63":3,"64":3,"65":1,"66":1,"67":2,"68":2,"69":2,"70":2,"71":2,"72":2,"73":2,"74":2,"75":2,"76":1,"77":1,"78":1,"79":1},"branchMap":{"0":{"type":"branch","line":7,"loc":{"start":{"line":7,"column":4},"end":{"line":9,"column":8}},"locations":[{"start":{"line":7,"column":4},"end":{"line":9,"column":8}}]},"1":{"type":"branch","line":11,"loc":{"start":{"line":11,"column":26},"end":{"line":18,"column":5}},"locations":[{"start":{"line":11,"column":26},"end":{"line":18,"column":5}}]},"2":{"type":"branch","line":16,"loc":{"start":{"line":16,"column":-1},"end":{"line":18,"column":5}},"locations":[{"start":{"line":16,"column":-1},"end":{"line":18,"column":5}}]},"3":{"type":"branch","line":21,"loc":{"start":{"line":21,"column":25},"end":{"line":27,"column":5}},"locations":[{"start":{"line":21,"column":25},"end":{"line":27,"column":5}}]},"4":{"type":"branch","line":25,"loc":{"start":{"line":25,"column":18},"end":{"line":25,"column":42}},"locations":[{"start":{"line":25,"column":18},"end":{"line":25,"column":42}}]},"5":{"type":"branch","line":29,"loc":{"start":{"line":29,"column":25},"end":{"line":37,"column":5}},"locations":[{"start":{"line":29,"column":25},"end":{"line":37,"column":5}}]},"6":{"type":"branch","line":34,"loc":{"start":{"line":34,"column":26},"end":{"line":34,"column":48}},"locations":[{"start":{"line":34,"column":26},"end":{"line":34,"column":48}}]},"7":{"type":"branch","line":35,"loc":{"start":{"line":35,"column":15},"end":{"line":35,"column":52}},"locations":[{"start":{"line":35,"column":15},"end":{"line":35,"column":52}}]},"8":{"type":"branch","line":39,"loc":{"start":{"line":39,"column":24},"end":{"line":50,"column":5}},"locations":[{"start":{"line":39,"column":24},"end":{"line":50,"column":5}}]},"9":{"type":"branch","line":44,"loc":{"start":{"line":44,"column":-1},"end":{"line":50,"column":5}},"locations":[{"start":{"line":44,"column":-1},"end":{"line":50,"column":5}}]},"10":{"type":"branch","line":52,"loc":{"start":{"line":52,"column":25},"end":{"line":65,"column":5}},"locations":[{"start":{"line":52,"column":25},"end":{"line":65,"column":5}}]},"11":{"type":"branch","line":58,"loc":{"start":{"line":58,"column":19},"end":{"line":58,"column":63}},"locations":[{"start":{"line":58,"column":19},"end":{"line":58,"column":63}}]},"12":{"type":"branch","line":62,"loc":{"start":{"line":62,"column":14},"end":{"line":62,"column":36}},"locations":[{"start":{"line":62,"column":14},"end":{"line":62,"column":36}}]},"13":{"type":"branch","line":63,"loc":{"start":{"line":63,"column":15},"end":{"line":63,"column":52}},"locations":[{"start":{"line":63,"column":15},"end":{"line":63,"column":52}}]},"14":{"type":"branch","line":67,"loc":{"start":{"line":67,"column":24},"end":{"line":76,"column":5}},"locations":[{"start":{"line":67,"column":24},"end":{"line":76,"column":5}}]},"15":{"type":"branch","line":73,"loc":{"start":{"line":73,"column":14},"end":{"line":73,"column":53}},"locations":[{"start":{"line":73,"column":14},"end":{"line":73,"column":53}}]},"16":{"type":"branch","line":74,"loc":{"start":{"line":74,"column":15},"end":{"line":74,"column":52}},"locations":[{"start":{"line":74,"column":15},"end":{"line":74,"column":52}}]}},"b":{"0":[2],"1":[3],"2":[0],"3":[1],"4":[1],"5":[2],"6":[1],"7":[1],"8":[2],"9":[0],"10":[3],"11":[0],"12":[2],"13":[1],"14":[2],"15":[1],"16":[1]},"fnMap":{"0":{"name":"TodoController","decl":{"start":{"line":7,"column":4},"end":{"line":9,"column":8}},"loc":{"start":{"line":7,"column":4},"end":{"line":9,"column":8}},"line":7},"1":{"name":"TodoController.handleError","decl":{"start":{"line":11,"column":26},"end":{"line":18,"column":5}},"loc":{"start":{"line":11,"column":26},"end":{"line":18,"column":5}},"line":11},"2":{"name":"TodoController.getAllTodos","decl":{"start":{"line":21,"column":25},"end":{"line":27,"column":5}},"loc":{"start":{"line":21,"column":25},"end":{"line":27,"column":5}},"line":21},"3":{"name":"TodoController.getTodoById","decl":{"start":{"line":29,"column":25},"end":{"line":37,"column":5}},"loc":{"start":{"line":29,"column":25},"end":{"line":37,"column":5}},"line":29},"4":{"name":"TodoController.createTodo","decl":{"start":{"line":39,"column":24},"end":{"line":50,"column":5}},"loc":{"start":{"line":39,"column":24},"end":{"line":50,"column":5}},"line":39},"5":{"name":"TodoController.updateTodo","decl":{"start":{"line":52,"column":25},"end":{"line":65,"column":5}},"loc":{"start":{"line":52,"column":25},"end":{"line":65,"column":5}},"line":52},"6":{"name":"TodoController.deleteTodo","decl":{"start":{"line":67,"column":24},"end":{"line":76,"column":5}},"loc":{"start":{"line":67,"column":24},"end":{"line":76,"column":5}},"line":67}},"f":{"0":2,"1":3,"2":1,"3":2,"4":2,"5":3,"6":2}}
,"/Users/axceldev/Documents/Cursos/Node/07-RestWeb/src/applications/routes/routes.ts": {"path":"/Users/axceldev/Documents/Cursos/Node/07-RestWeb/src/applications/routes/routes.ts","all":false,"statementMap":{"0":{"start":{"line":1,"column":0},"end":{"line":1,"column":33}},"1":{"start":{"line":2,"column":0},"end":{"line":2,"column":43}},"2":{"start":{"line":3,"column":0},"end":{"line":3,"column":0}},"3":{"start":{"line":4,"column":0},"end":{"line":4,"column":0}},"4":{"start":{"line":5,"column":0},"end":{"line":5,"column":24}},"5":{"start":{"line":6,"column":0},"end":{"line":6,"column":0}},"6":{"start":{"line":7,"column":0},"end":{"line":7,"column":33}},"7":{"start":{"line":8,"column":0},"end":{"line":8,"column":8}},"8":{"start":{"line":9,"column":0},"end":{"line":9,"column":32}},"9":{"start":{"line":10,"column":0},"end":{"line":10,"column":0}},"10":{"start":{"line":11,"column":0},"end":{"line":11,"column":53}},"11":{"start":{"line":12,"column":0},"end":{"line":12,"column":0}},"12":{"start":{"line":13,"column":0},"end":{"line":13,"column":22}},"13":{"start":{"line":14,"column":0},"end":{"line":14,"column":5}},"14":{"start":{"line":15,"column":0},"end":{"line":15,"column":1}}},"s":{"0":1,"1":1,"2":1,"3":1,"4":1,"5":1,"6":1,"7":2,"8":2,"9":2,"10":2,"11":2,"12":2,"13":2,"14":1},"branchMap":{"0":{"type":"branch","line":7,"loc":{"start":{"line":7,"column":10},"end":{"line":14,"column":5}},"locations":[{"start":{"line":7,"column":10},"end":{"line":14,"column":5}}]}},"b":{"0":[2]},"fnMap":{"0":{"name":"get routes","decl":{"start":{"line":7,"column":10},"end":{"line":14,"column":5}},"loc":{"start":{"line":7,"column":10},"end":{"line":14,"column":5}},"line":7}},"f":{"0":2}}
,"/Users/axceldev/Documents/Cursos/Node/07-RestWeb/src/applications/routes/todo-routes.ts": {"path":"/Users/axceldev/Documents/Cursos/Node/07-RestWeb/src/applications/routes/todo-routes.ts","all":false,"statementMap":{"0":{"start":{"line":1,"column":0},"end":{"line":1,"column":33}},"1":{"start":{"line":2,"column":0},"end":{"line":2,"column":64}},"2":{"start":{"line":3,"column":0},"end":{"line":3,"column":91}},"3":{"start":{"line":4,"column":0},"end":{"line":4,"column":92}},"4":{"start":{"line":5,"column":0},"end":{"line":5,"column":0}},"5":{"start":{"line":6,"column":0},"end":{"line":6,"column":0}},"6":{"start":{"line":7,"column":0},"end":{"line":7,"column":25}},"7":{"start":{"line":8,"column":0},"end":{"line":8,"column":0}},"8":{"start":{"line":9,"column":0},"end":{"line":9,"column":33}},"9":{"start":{"line":10,"column":0},"end":{"line":10,"column":0}},"10":{"start":{"line":11,"column":0},"end":{"line":11,"column":32}},"11":{"start":{"line":12,"column":0},"end":{"line":12,"column":52}},"12":{"start":{"line":13,"column":0},"end":{"line":13,"column":62}},"13":{"start":{"line":14,"column":0},"end":{"line":14,"column":62}},"14":{"start":{"line":15,"column":0},"end":{"line":15,"column":0}},"15":{"start":{"line":16,"column":0},"end":{"line":16,"column":52}},"16":{"start":{"line":17,"column":0},"end":{"line":17,"column":55}},"17":{"start":{"line":18,"column":0},"end":{"line":18,"column":0}},"18":{"start":{"line":19,"column":0},"end":{"line":19,"column":52}},"19":{"start":{"line":20,"column":0},"end":{"line":20,"column":54}},"20":{"start":{"line":21,"column":0},"end":{"line":21,"column":57}},"21":{"start":{"line":22,"column":0},"end":{"line":22,"column":0}},"22":{"start":{"line":23,"column":0},"end":{"line":23,"column":22}},"23":{"start":{"line":24,"column":0},"end":{"line":24,"column":5}},"24":{"start":{"line":25,"column":0},"end":{"line":25,"column":1}}},"s":{"0":1,"1":1,"2":1,"3":1,"4":1,"5":1,"6":1,"7":1,"8":1,"9":2,"10":2,"11":2,"12":2,"13":2,"14":2,"15":2,"16":2,"17":2,"18":2,"19":2,"20":2,"21":2,"22":2,"23":2,"24":1},"branchMap":{"0":{"type":"branch","line":9,"loc":{"start":{"line":9,"column":10},"end":{"line":24,"column":5}},"locations":[{"start":{"line":9,"column":10},"end":{"line":24,"column":5}}]}},"b":{"0":[2]},"fnMap":{"0":{"name":"get routes","decl":{"start":{"line":9,"column":10},"end":{"line":24,"column":5}},"loc":{"start":{"line":9,"column":10},"end":{"line":24,"column":5}},"line":9}},"f":{"0":2}}
,"/Users/axceldev/Documents/Cursos/Node/07-RestWeb/src/config/envs.ts": {"path":"/Users/axceldev/Documents/Cursos/Node/07-RestWeb/src/config/envs.ts","all":false,"statementMap":{"0":{"start":{"line":1,"column":0},"end":{"line":1,"column":23}},"1":{"start":{"line":2,"column":0},"end":{"line":2,"column":28}},"2":{"start":{"line":3,"column":0},"end":{"line":3,"column":0}},"3":{"start":{"line":4,"column":0},"end":{"line":4,"column":21}},"4":{"start":{"line":5,"column":0},"end":{"line":5,"column":48}},"5":{"start":{"line":6,"column":0},"end":{"line":6,"column":65}},"6":{"start":{"line":7,"column":0},"end":{"line":7,"column":64}},"7":{"start":{"line":8,"column":0},"end":{"line":8,"column":59}},"8":{"start":{"line":9,"column":0},"end":{"line":9,"column":1}}},"s":{"0":1,"1":1,"2":1,"3":1,"4":1,"5":1,"6":1,"7":1,"8":1},"branchMap":{},"b":{},"fnMap":{},"f":{}}
,"/Users/axceldev/Documents/Cursos/Node/07-RestWeb/src/data/postgres/index.ts": {"path":"/Users/axceldev/Documents/Cursos/Node/07-RestWeb/src/data/postgres/index.ts","all":false,"statementMap":{"0":{"start":{"line":1,"column":0},"end":{"line":1,"column":46}},"1":{"start":{"line":2,"column":0},"end":{"line":2,"column":0}},"2":{"start":{"line":3,"column":0},"end":{"line":3,"column":0}},"3":{"start":{"line":4,"column":0},"end":{"line":4,"column":41}}},"s":{"0":1,"1":1,"2":1,"3":1},"branchMap":{},"b":{},"fnMap":{},"f":{}}
,"/Users/axceldev/Documents/Cursos/Node/07-RestWeb/src/domain/index.ts": {"path":"/Users/axceldev/Documents/Cursos/Node/07-RestWeb/src/domain/index.ts","all":false,"statementMap":{"0":{"start":{"line":1,"column":0},"end":{"line":1,"column":0}},"1":{"start":{"line":2,"column":0},"end":{"line":2,"column":45}},"2":{"start":{"line":3,"column":0},"end":{"line":3,"column":45}},"3":{"start":{"line":4,"column":0},"end":{"line":4,"column":39}},"4":{"start":{"line":5,"column":0},"end":{"line":5,"column":46}},"5":{"start":{"line":6,"column":0},"end":{"line":6,"column":47}},"6":{"start":{"line":7,"column":0},"end":{"line":7,"column":53}},"7":{"start":{"line":8,"column":0},"end":{"line":8,"column":53}},"8":{"start":{"line":9,"column":0},"end":{"line":9,"column":50}},"9":{"start":{"line":10,"column":0},"end":{"line":10,"column":51}},"10":{"start":{"line":11,"column":0},"end":{"line":11,"column":53}},"11":{"start":{"line":12,"column":0},"end":{"line":12,"column":38}}},"s":{"0":1,"1":1,"2":1,"3":1,"4":1,"5":1,"6":1,"7":1,"8":1,"9":1,"10":1,"11":1},"branchMap":{},"b":{},"fnMap":{},"f":{}}
,"/Users/axceldev/Documents/Cursos/Node/07-RestWeb/src/domain/datasources/todo.datasource.ts": {"path":"/Users/axceldev/Documents/Cursos/Node/07-RestWeb/src/domain/datasources/todo.datasource.ts","all":false,"statementMap":{"0":{"start":{"line":1,"column":0},"end":{"line":1,"column":55}},"1":{"start":{"line":2,"column":0},"end":{"line":2,"column":53}},"2":{"start":{"line":3,"column":0},"end":{"line":3,"column":0}},"3":{"start":{"line":4,"column":0},"end":{"line":4,"column":0}},"4":{"start":{"line":5,"column":0},"end":{"line":5,"column":38}},"5":{"start":{"line":6,"column":0},"end":{"line":6,"column":0}},"6":{"start":{"line":7,"column":0},"end":{"line":7,"column":47}},"7":{"start":{"line":8,"column":0},"end":{"line":8,"column":64}},"8":{"start":{"line":9,"column":0},"end":{"line":9,"column":74}},"9":{"start":{"line":10,"column":0},"end":{"line":10,"column":60}},"10":{"start":{"line":11,"column":0},"end":{"line":11,"column":77}},"11":{"start":{"line":12,"column":0},"end":{"line":12,"column":4}},"12":{"start":{"line":13,"column":0},"end":{"line":13,"column":1}}},"s":{"0":1,"1":1,"2":1,"3":1,"4":1,"5":1,"6":1,"7":1,"8":1,"9":1,"10":1,"11":1,"12":1},"branchMap":{},"b":{},"fnMap":{},"f":{}}
,"/Users/axceldev/Documents/Cursos/Node/07-RestWeb/src/domain/dtos/todos/create-todo.dto.ts": {"path":"/Users/axceldev/Documents/Cursos/Node/07-RestWeb/src/domain/dtos/todos/create-todo.dto.ts","all":false,"statementMap":{"0":{"start":{"line":1,"column":0},"end":{"line":1,"column":0}},"1":{"start":{"line":2,"column":0},"end":{"line":2,"column":0}},"2":{"start":{"line":3,"column":0},"end":{"line":3,"column":28}},"3":{"start":{"line":4,"column":0},"end":{"line":4,"column":0}},"4":{"start":{"line":5,"column":0},"end":{"line":5,"column":0}},"5":{"start":{"line":6,"column":0},"end":{"line":6,"column":24}},"6":{"start":{"line":7,"column":0},"end":{"line":7,"column":37}},"7":{"start":{"line":8,"column":0},"end":{"line":8,"column":7}},"8":{"start":{"line":9,"column":0},"end":{"line":9,"column":0}},"9":{"start":{"line":10,"column":0},"end":{"line":10,"column":86}},"10":{"start":{"line":11,"column":0},"end":{"line":11,"column":31}},"11":{"start":{"line":12,"column":0},"end":{"line":12,"column":0}},"12":{"start":{"line":13,"column":0},"end":{"line":13,"column":56}},"13":{"start":{"line":14,"column":0},"end":{"line":14,"column":0}},"14":{"start":{"line":15,"column":0},"end":{"line":15,"column":52}},"15":{"start":{"line":16,"column":0},"end":{"line":16,"column":5}},"16":{"start":{"line":17,"column":0},"end":{"line":17,"column":1}}},"s":{"0":1,"1":1,"2":1,"3":1,"4":1,"5":1,"6":0,"7":0,"8":1,"9":1,"10":2,"11":2,"12":2,"13":0,"14":0,"15":0,"16":1},"branchMap":{"0":{"type":"branch","line":10,"loc":{"start":{"line":10,"column":18},"end":{"line":16,"column":5}},"locations":[{"start":{"line":10,"column":18},"end":{"line":16,"column":5}}]},"1":{"type":"branch","line":14,"loc":{"start":{"line":14,"column":-1},"end":{"line":16,"column":5}},"locations":[{"start":{"line":14,"column":-1},"end":{"line":16,"column":5}}]}},"b":{"0":[2],"1":[0]},"fnMap":{"0":{"name":"CreateTodoDto","decl":{"start":{"line":6,"column":4},"end":{"line":8,"column":7}},"loc":{"start":{"line":6,"column":4},"end":{"line":8,"column":7}},"line":6},"1":{"name":"create","decl":{"start":{"line":10,"column":18},"end":{"line":16,"column":5}},"loc":{"start":{"line":10,"column":18},"end":{"line":16,"column":5}},"line":10}},"f":{"0":0,"1":2}}
,"/Users/axceldev/Documents/Cursos/Node/07-RestWeb/src/domain/dtos/todos/update-todo.dto.ts": {"path":"/Users/axceldev/Documents/Cursos/Node/07-RestWeb/src/domain/dtos/todos/update-todo.dto.ts","all":false,"statementMap":{"0":{"start":{"line":1,"column":0},"end":{"line":1,"column":0}},"1":{"start":{"line":2,"column":0},"end":{"line":2,"column":0}},"2":{"start":{"line":3,"column":0},"end":{"line":3,"column":28}},"3":{"start":{"line":4,"column":0},"end":{"line":4,"column":0}},"4":{"start":{"line":5,"column":0},"end":{"line":5,"column":24}},"5":{"start":{"line":6,"column":0},"end":{"line":6,"column":35}},"6":{"start":{"line":7,"column":0},"end":{"line":7,"column":38}},"7":{"start":{"line":8,"column":0},"end":{"line":8,"column":43}},"8":{"start":{"line":9,"column":0},"end":{"line":9,"column":7}},"9":{"start":{"line":10,"column":0},"end":{"line":10,"column":0}},"10":{"start":{"line":11,"column":0},"end":{"line":11,"column":18}},"11":{"start":{"line":12,"column":0},"end":{"line":12,"column":56}},"12":{"start":{"line":13,"column":0},"end":{"line":13,"column":52}},"13":{"start":{"line":14,"column":0},"end":{"line":14,"column":73}},"14":{"start":{"line":15,"column":0},"end":{"line":15,"column":28}},"15":{"start":{"line":16,"column":0},"end":{"line":16,"column":5}},"16":{"start":{"line":17,"column":0},"end":{"line":17,"column":0}},"17":{"start":{"line":18,"column":0},"end":{"line":18,"column":86}},"18":{"start":{"line":19,"column":0},"end":{"line":19,"column":48}},"19":{"start":{"line":20,"column":0},"end":{"line":20,"column":0}},"20":{"start":{"line":21,"column":0},"end":{"line":21,"column":41}},"21":{"start":{"line":22,"column":0},"end":{"line":22,"column":0}},"22":{"start":{"line":23,"column":0},"end":{"line":23,"column":69}},"23":{"start":{"line":24,"column":0},"end":{"line":24,"column":0}},"24":{"start":{"line":25,"column":0},"end":{"line":25,"column":28}},"25":{"start":{"line":26,"column":0},"end":{"line":26,"column":52}},"26":{"start":{"line":27,"column":0},"end":{"line":27,"column":65}},"27":{"start":{"line":28,"column":0},"end":{"line":28,"column":57}},"28":{"start":{"line":29,"column":0},"end":{"line":29,"column":13}},"29":{"start":{"line":30,"column":0},"end":{"line":30,"column":11}},"30":{"start":{"line":31,"column":0},"end":{"line":31,"column":0}},"31":{"start":{"line":32,"column":0},"end":{"line":32,"column":72}},"32":{"start":{"line":33,"column":0},"end":{"line":33,"column":5}},"33":{"start":{"line":34,"column":0},"end":{"line":34,"column":0}},"34":{"start":{"line":35,"column":0},"end":{"line":35,"column":1}}},"s":{"0":1,"1":1,"2":1,"3":1,"4":1,"5":3,"6":3,"7":3,"8":3,"9":1,"10":1,"11":2,"12":2,"13":2,"14":2,"15":2,"16":1,"17":1,"18":3,"19":3,"20":3,"21":3,"22":3,"23":3,"24":3,"25":2,"26":2,"27":0,"28":0,"29":2,"30":3,"31":3,"32":3,"33":1,"34":1},"branchMap":{"0":{"type":"branch","line":5,"loc":{"start":{"line":5,"column":4},"end":{"line":9,"column":7}},"locations":[{"start":{"line":5,"column":4},"end":{"line":9,"column":7}}]},"1":{"type":"branch","line":11,"loc":{"start":{"line":11,"column":4},"end":{"line":16,"column":5}},"locations":[{"start":{"line":11,"column":4},"end":{"line":16,"column":5}}]},"2":{"type":"branch","line":13,"loc":{"start":{"line":13,"column":22},"end":{"line":13,"column":52}},"locations":[{"start":{"line":13,"column":22},"end":{"line":13,"column":52}}]},"3":{"type":"branch","line":18,"loc":{"start":{"line":18,"column":18},"end":{"line":33,"column":5}},"locations":[{"start":{"line":18,"column":18},"end":{"line":33,"column":5}}]},"4":{"type":"branch","line":23,"loc":{"start":{"line":23,"column":32},"end":{"line":23,"column":69}},"locations":[{"start":{"line":23,"column":32},"end":{"line":23,"column":69}}]},"5":{"type":"branch","line":25,"loc":{"start":{"line":25,"column":27},"end":{"line":30,"column":11}},"locations":[{"start":{"line":25,"column":27},"end":{"line":30,"column":11}}]},"6":{"type":"branch","line":27,"loc":{"start":{"line":27,"column":64},"end":{"line":29,"column":13}},"locations":[{"start":{"line":27,"column":64},"end":{"line":29,"column":13}}]}},"b":{"0":[3],"1":[2],"2":[1],"3":[3],"4":[0],"5":[2],"6":[0]},"fnMap":{"0":{"name":"UpdateTodoDto","decl":{"start":{"line":5,"column":4},"end":{"line":9,"column":7}},"loc":{"start":{"line":5,"column":4},"end":{"line":9,"column":7}},"line":5},"1":{"name":"get values","decl":{"start":{"line":11,"column":4},"end":{"line":16,"column":5}},"loc":{"start":{"line":11,"column":4},"end":{"line":16,"column":5}},"line":11},"2":{"name":"update","decl":{"start":{"line":18,"column":18},"end":{"line":33,"column":5}},"loc":{"start":{"line":18,"column":18},"end":{"line":33,"column":5}},"line":18}},"f":{"0":3,"1":2,"2":3}}
,"/Users/axceldev/Documents/Cursos/Node/07-RestWeb/src/domain/entities/todo.entity.ts": {"path":"/Users/axceldev/Documents/Cursos/Node/07-RestWeb/src/domain/entities/todo.entity.ts","all":false,"statementMap":{"0":{"start":{"line":1,"column":0},"end":{"line":1,"column":0}},"1":{"start":{"line":2,"column":0},"end":{"line":2,"column":25}},"2":{"start":{"line":3,"column":0},"end":{"line":3,"column":0}},"3":{"start":{"line":4,"column":0},"end":{"line":4,"column":16}},"4":{"start":{"line":5,"column":0},"end":{"line":5,"column":35}},"5":{"start":{"line":6,"column":0},"end":{"line":6,"column":35}},"6":{"start":{"line":7,"column":0},"end":{"line":7,"column":41}},"7":{"start":{"line":8,"column":0},"end":{"line":8,"column":7}},"8":{"start":{"line":9,"column":0},"end":{"line":9,"column":0}},"9":{"start":{"line":10,"column":0},"end":{"line":10,"column":32}},"10":{"start":{"line":11,"column":0},"end":{"line":11,"column":34}},"11":{"start":{"line":12,"column":0},"end":{"line":12,"column":5}},"12":{"start":{"line":13,"column":0},"end":{"line":13,"column":0}},"13":{"start":{"line":14,"column":0},"end":{"line":14,"column":72}},"14":{"start":{"line":15,"column":0},"end":{"line":15,"column":0}},"15":{"start":{"line":16,"column":0},"end":{"line":16,"column":49}},"16":{"start":{"line":17,"column":0},"end":{"line":17,"column":8}},"17":{"start":{"line":18,"column":0},"end":{"line":18,"column":0}},"18":{"start":{"line":19,"column":0},"end":{"line":19,"column":61}},"19":{"start":{"line":20,"column":0},"end":{"line":20,"column":0}},"20":{"start":{"line":21,"column":0},"end":{"line":21,"column":26}},"21":{"start":{"line":22,"column":0},"end":{"line":22,"column":27}},"22":{"start":{"line":23,"column":0},"end":{"line":23,"column":50}},"23":{"start":{"line":24,"column":0},"end":{"line":24,"column":51}},"24":{"start":{"line":25,"column":0},"end":{"line":25,"column":54}},"25":{"start":{"line":26,"column":0},"end":{"line":26,"column":13}},"26":{"start":{"line":27,"column":0},"end":{"line":27,"column":9}},"27":{"start":{"line":28,"column":0},"end":{"line":28,"column":0}},"28":{"start":{"line":29,"column":0},"end":{"line":29,"column":30}},"29":{"start":{"line":30,"column":0},"end":{"line":30,"column":15}},"30":{"start":{"line":31,"column":0},"end":{"line":31,"column":17}},"31":{"start":{"line":32,"column":0},"end":{"line":32,"column":23}},"32":{"start":{"line":33,"column":0},"end":{"line":33,"column":10}},"33":{"start":{"line":34,"column":0},"end":{"line":34,"column":5}},"34":{"start":{"line":35,"column":0},"end":{"line":35,"column":0}},"35":{"start":{"line":36,"column":0},"end":{"line":36,"column":1}}},"s":{"0":1,"1":1,"2":1,"3":1,"4":8,"5":8,"6":8,"7":8,"8":1,"9":1,"10":0,"11":0,"12":1,"13":1,"14":8,"15":8,"16":8,"17":8,"18":8,"19":8,"20":8,"21":8,"22":2,"23":2,"24":0,"25":0,"26":2,"27":8,"28":8,"29":8,"30":8,"31":8,"32":8,"33":8,"34":1,"35":1},"branchMap":{"0":{"type":"branch","line":4,"loc":{"start":{"line":4,"column":4},"end":{"line":8,"column":7}},"locations":[{"start":{"line":4,"column":4},"end":{"line":8,"column":7}}]},"1":{"type":"branch","line":14,"loc":{"start":{"line":14,"column":18},"end":{"line":34,"column":5}},"locations":[{"start":{"line":14,"column":18},"end":{"line":34,"column":5}}]},"2":{"type":"branch","line":19,"loc":{"start":{"line":19,"column":27},"end":{"line":19,"column":61}},"locations":[{"start":{"line":19,"column":27},"end":{"line":19,"column":61}}]},"3":{"type":"branch","line":22,"loc":{"start":{"line":22,"column":26},"end":{"line":27,"column":9}},"locations":[{"start":{"line":22,"column":26},"end":{"line":27,"column":9}}]},"4":{"type":"branch","line":24,"loc":{"start":{"line":24,"column":50},"end":{"line":26,"column":13}},"locations":[{"start":{"line":24,"column":50},"end":{"line":26,"column":13}}]}},"b":{"0":[8],"1":[8],"2":[0],"3":[2],"4":[0]},"fnMap":{"0":{"name":"TodoEntity","decl":{"start":{"line":4,"column":4},"end":{"line":8,"column":7}},"loc":{"start":{"line":4,"column":4},"end":{"line":8,"column":7}},"line":4},"1":{"name":"get isCompleted","decl":{"start":{"line":10,"column":4},"end":{"line":12,"column":5}},"loc":{"start":{"line":10,"column":4},"end":{"line":12,"column":5}},"line":10},"2":{"name":"fromObject","decl":{"start":{"line":14,"column":18},"end":{"line":34,"column":5}},"loc":{"start":{"line":14,"column":18},"end":{"line":34,"column":5}},"line":14}},"f":{"0":8,"1":0,"2":8}}
,"/Users/axceldev/Documents/Cursos/Node/07-RestWeb/src/domain/errors/custom.error.ts": {"path":"/Users/axceldev/Documents/Cursos/Node/07-RestWeb/src/domain/errors/custom.error.ts","all":false,"statementMap":{"0":{"start":{"line":1,"column":0},"end":{"line":1,"column":0}},"1":{"start":{"line":2,"column":0},"end":{"line":2,"column":0}},"2":{"start":{"line":3,"column":0},"end":{"line":3,"column":40}},"3":{"start":{"line":4,"column":0},"end":{"line":4,"column":0}},"4":{"start":{"line":5,"column":0},"end":{"line":5,"column":16}},"5":{"start":{"line":6,"column":0},"end":{"line":6,"column":40}},"6":{"start":{"line":7,"column":0},"end":{"line":7,"column":42}},"7":{"start":{"line":8,"column":0},"end":{"line":8,"column":7}},"8":{"start":{"line":9,"column":0},"end":{"line":9,"column":23}},"9":{"start":{"line":10,"column":0},"end":{"line":10,"column":5}},"10":{"start":{"line":11,"column":0},"end":{"line":11,"column":1}}},"s":{"0":1,"1":1,"2":1,"3":1,"4":1,"5":3,"6":3,"7":3,"8":3,"9":3,"10":1},"branchMap":{"0":{"type":"branch","line":5,"loc":{"start":{"line":5,"column":4},"end":{"line":10,"column":5}},"locations":[{"start":{"line":5,"column":4},"end":{"line":10,"column":5}}]}},"b":{"0":[3]},"fnMap":{"0":{"name":"CustomError","decl":{"start":{"line":5,"column":4},"end":{"line":10,"column":5}},"loc":{"start":{"line":5,"column":4},"end":{"line":10,"column":5}},"line":5}},"f":{"0":3}}
,"/Users/axceldev/Documents/Cursos/Node/07-RestWeb/src/domain/repositories/todo.repository.ts": {"path":"/Users/axceldev/Documents/Cursos/Node/07-RestWeb/src/domain/repositories/todo.repository.ts","all":false,"statementMap":{"0":{"start":{"line":1,"column":0},"end":{"line":1,"column":55}},"1":{"start":{"line":2,"column":0},"end":{"line":2,"column":53}},"2":{"start":{"line":3,"column":0},"end":{"line":3,"column":0}},"3":{"start":{"line":4,"column":0},"end":{"line":4,"column":0}},"4":{"start":{"line":5,"column":0},"end":{"line":5,"column":38}},"5":{"start":{"line":6,"column":0},"end":{"line":6,"column":0}},"6":{"start":{"line":7,"column":0},"end":{"line":7,"column":47}},"7":{"start":{"line":8,"column":0},"end":{"line":8,"column":64}},"8":{"start":{"line":9,"column":0},"end":{"line":9,"column":74}},"9":{"start":{"line":10,"column":0},"end":{"line":10,"column":60}},"10":{"start":{"line":11,"column":0},"end":{"line":11,"column":77}},"11":{"start":{"line":12,"column":0},"end":{"line":12,"column":4}},"12":{"start":{"line":13,"column":0},"end":{"line":13,"column":1}}},"s":{"0":1,"1":1,"2":1,"3":1,"4":1,"5":1,"6":1,"7":1,"8":1,"9":1,"10":1,"11":1,"12":1},"branchMap":{},"b":{},"fnMap":{},"f":{}}
,"/Users/axceldev/Documents/Cursos/Node/07-RestWeb/src/domain/usecases/todos/create-todo.usecase.ts": {"path":"/Users/axceldev/Documents/Cursos/Node/07-RestWeb/src/domain/usecases/todos/create-todo.usecase.ts","all":false,"statementMap":{"0":{"start":{"line":1,"column":0},"end":{"line":1,"column":43}},"1":{"start":{"line":2,"column":0},"end":{"line":2,"column":56}},"2":{"start":{"line":3,"column":0},"end":{"line":3,"column":68}},"3":{"start":{"line":4,"column":0},"end":{"line":4,"column":0}},"4":{"start":{"line":5,"column":0},"end":{"line":5,"column":0}},"5":{"start":{"line":6,"column":0},"end":{"line":6,"column":0}},"6":{"start":{"line":7,"column":0},"end":{"line":7,"column":36}},"7":{"start":{"line":8,"column":0},"end":{"line":8,"column":55}},"8":{"start":{"line":9,"column":0},"end":{"line":9,"column":1}},"9":{"start":{"line":10,"column":0},"end":{"line":10,"column":0}},"10":{"start":{"line":11,"column":0},"end":{"line":11,"column":54}},"11":{"start":{"line":12,"column":0},"end":{"line":12,"column":0}},"12":{"start":{"line":13,"column":0},"end":{"line":13,"column":16}},"13":{"start":{"line":14,"column":0},"end":{"line":14,"column":51}},"14":{"start":{"line":15,"column":0},"end":{"line":15,"column":8}},"15":{"start":{"line":16,"column":0},"end":{"line":16,"column":0}},"16":{"start":{"line":17,"column":0},"end":{"line":17,"column":56}},"17":{"start":{"line":18,"column":0},"end":{"line":18,"column":46}},"18":{"start":{"line":19,"column":0},"end":{"line":19,"column":5}},"19":{"start":{"line":20,"column":0},"end":{"line":20,"column":0}},"20":{"start":{"line":21,"column":0},"end":{"line":21,"column":1}}},"s":{"0":1,"1":1,"2":1,"3":1,"4":1,"5":1,"6":1,"7":1,"8":1,"9":1,"10":1,"11":1,"12":1,"13":0,"14":0,"15":1,"16":1,"17":0,"18":0,"19":1,"20":1},"branchMap":{},"b":{},"fnMap":{"0":{"name":"CreateTodo","decl":{"start":{"line":13,"column":4},"end":{"line":15,"column":8}},"loc":{"start":{"line":13,"column":4},"end":{"line":15,"column":8}},"line":13},"1":{"name":"execute","decl":{"start":{"line":17,"column":4},"end":{"line":19,"column":5}},"loc":{"start":{"line":17,"column":4},"end":{"line":19,"column":5}},"line":17}},"f":{"0":0,"1":0}}
,"/Users/axceldev/Documents/Cursos/Node/07-RestWeb/src/domain/usecases/todos/delete-todo.usecase.ts": {"path":"/Users/axceldev/Documents/Cursos/Node/07-RestWeb/src/domain/usecases/todos/delete-todo.usecase.ts","all":false,"statementMap":{"0":{"start":{"line":1,"column":0},"end":{"line":1,"column":68}},"1":{"start":{"line":2,"column":0},"end":{"line":2,"column":0}},"2":{"start":{"line":3,"column":0},"end":{"line":3,"column":0}},"3":{"start":{"line":4,"column":0},"end":{"line":4,"column":36}},"4":{"start":{"line":5,"column":0},"end":{"line":5,"column":0}},"5":{"start":{"line":6,"column":0},"end":{"line":6,"column":44}},"6":{"start":{"line":7,"column":0},"end":{"line":7,"column":0}},"7":{"start":{"line":8,"column":0},"end":{"line":8,"column":1}},"8":{"start":{"line":9,"column":0},"end":{"line":9,"column":0}},"9":{"start":{"line":10,"column":0},"end":{"line":10,"column":54}},"10":{"start":{"line":11,"column":0},"end":{"line":11,"column":0}},"11":{"start":{"line":12,"column":0},"end":{"line":12,"column":16}},"12":{"start":{"line":13,"column":0},"end":{"line":13,"column":51}},"13":{"start":{"line":14,"column":0},"end":{"line":14,"column":8}},"14":{"start":{"line":15,"column":0},"end":{"line":15,"column":0}},"15":{"start":{"line":16,"column":0},"end":{"line":16,"column":45}},"16":{"start":{"line":17,"column":0},"end":{"line":17,"column":48}},"17":{"start":{"line":18,"column":0},"end":{"line":18,"column":5}},"18":{"start":{"line":19,"column":0},"end":{"line":19,"column":0}},"19":{"start":{"line":20,"column":0},"end":{"line":20,"column":1}}},"s":{"0":1,"1":1,"2":1,"3":1,"4":1,"5":1,"6":1,"7":1,"8":1,"9":1,"10":1,"11":1,"12":2,"13":2,"14":1,"15":1,"16":2,"17":2,"18":1,"19":1},"branchMap":{"0":{"type":"branch","line":12,"loc":{"start":{"line":12,"column":4},"end":{"line":14,"column":8}},"locations":[{"start":{"line":12,"column":4},"end":{"line":14,"column":8}}]},"1":{"type":"branch","line":16,"loc":{"start":{"line":16,"column":4},"end":{"line":18,"column":5}},"locations":[{"start":{"line":16,"column":4},"end":{"line":18,"column":5}}]}},"b":{"0":[2],"1":[2]},"fnMap":{"0":{"name":"DeleteTodo","decl":{"start":{"line":12,"column":4},"end":{"line":14,"column":8}},"loc":{"start":{"line":12,"column":4},"end":{"line":14,"column":8}},"line":12},"1":{"name":"execute","decl":{"start":{"line":16,"column":4},"end":{"line":18,"column":5}},"loc":{"start":{"line":16,"column":4},"end":{"line":18,"column":5}},"line":16}},"f":{"0":2,"1":2}}
,"/Users/axceldev/Documents/Cursos/Node/07-RestWeb/src/domain/usecases/todos/get-todo.usecase.ts": {"path":"/Users/axceldev/Documents/Cursos/Node/07-RestWeb/src/domain/usecases/todos/get-todo.usecase.ts","all":false,"statementMap":{"0":{"start":{"line":1,"column":0},"end":{"line":1,"column":56}},"1":{"start":{"line":2,"column":0},"end":{"line":2,"column":68}},"2":{"start":{"line":3,"column":0},"end":{"line":3,"column":0}},"3":{"start":{"line":4,"column":0},"end":{"line":4,"column":0}},"4":{"start":{"line":5,"column":0},"end":{"line":5,"column":33}},"5":{"start":{"line":6,"column":0},"end":{"line":6,"column":0}},"6":{"start":{"line":7,"column":0},"end":{"line":7,"column":47}},"7":{"start":{"line":8,"column":0},"end":{"line":8,"column":0}},"8":{"start":{"line":9,"column":0},"end":{"line":9,"column":1}},"9":{"start":{"line":10,"column":0},"end":{"line":10,"column":0}},"10":{"start":{"line":11,"column":0},"end":{"line":11,"column":48}},"11":{"start":{"line":12,"column":0},"end":{"line":12,"column":4}},"12":{"start":{"line":13,"column":0},"end":{"line":13,"column":16}},"13":{"start":{"line":14,"column":0},"end":{"line":14,"column":51}},"14":{"start":{"line":15,"column":0},"end":{"line":15,"column":8}},"15":{"start":{"line":16,"column":0},"end":{"line":16,"column":0}},"16":{"start":{"line":17,"column":0},"end":{"line":17,"column":48}},"17":{"start":{"line":18,"column":0},"end":{"line":18,"column":49}},"18":{"start":{"line":19,"column":0},"end":{"line":19,"column":5}},"19":{"start":{"line":20,"column":0},"end":{"line":20,"column":1}}},"s":{"0":1,"1":1,"2":1,"3":1,"4":1,"5":1,"6":1,"7":1,"8":1,"9":1,"10":1,"11":1,"12":1,"13":2,"14":2,"15":1,"16":1,"17":2,"18":2,"19":1},"branchMap":{"0":{"type":"branch","line":13,"loc":{"start":{"line":13,"column":4},"end":{"line":15,"column":8}},"locations":[{"start":{"line":13,"column":4},"end":{"line":15,"column":8}}]},"1":{"type":"branch","line":17,"loc":{"start":{"line":17,"column":4},"end":{"line":19,"column":5}},"locations":[{"start":{"line":17,"column":4},"end":{"line":19,"column":5}}]}},"b":{"0":[2],"1":[2]},"fnMap":{"0":{"name":"GetTodo","decl":{"start":{"line":13,"column":4},"end":{"line":15,"column":8}},"loc":{"start":{"line":13,"column":4},"end":{"line":15,"column":8}},"line":13},"1":{"name":"execute","decl":{"start":{"line":17,"column":4},"end":{"line":19,"column":5}},"loc":{"start":{"line":17,"column":4},"end":{"line":19,"column":5}},"line":17}},"f":{"0":2,"1":2}}
,"/Users/axceldev/Documents/Cursos/Node/07-RestWeb/src/domain/usecases/todos/get-todos.usecase.ts": {"path":"/Users/axceldev/Documents/Cursos/Node/07-RestWeb/src/domain/usecases/todos/get-todos.usecase.ts","all":false,"statementMap":{"0":{"start":{"line":1,"column":0},"end":{"line":1,"column":56}},"1":{"start":{"line":2,"column":0},"end":{"line":2,"column":68}},"2":{"start":{"line":3,"column":0},"end":{"line":3,"column":0}},"3":{"start":{"line":4,"column":0},"end":{"line":4,"column":0}},"4":{"start":{"line":5,"column":0},"end":{"line":5,"column":34}},"5":{"start":{"line":6,"column":0},"end":{"line":6,"column":37}},"6":{"start":{"line":7,"column":0},"end":{"line":7,"column":1}},"7":{"start":{"line":8,"column":0},"end":{"line":8,"column":0}},"8":{"start":{"line":9,"column":0},"end":{"line":9,"column":50}},"9":{"start":{"line":10,"column":0},"end":{"line":10,"column":4}},"10":{"start":{"line":11,"column":0},"end":{"line":11,"column":16}},"11":{"start":{"line":12,"column":0},"end":{"line":12,"column":51}},"12":{"start":{"line":13,"column":0},"end":{"line":13,"column":8}},"13":{"start":{"line":14,"column":0},"end":{"line":14,"column":0}},"14":{"start":{"line":15,"column":0},"end":{"line":15,"column":38}},"15":{"start":{"line":16,"column":0},"end":{"line":16,"column":42}},"16":{"start":{"line":17,"column":0},"end":{"line":17,"column":5}},"17":{"start":{"line":18,"column":0},"end":{"line":18,"column":1}}},"s":{"0":1,"1":1,"2":1,"3":1,"4":1,"5":1,"6":1,"7":1,"8":1,"9":1,"10":1,"11":1,"12":1,"13":1,"14":1,"15":1,"16":1,"17":1},"branchMap":{"0":{"type":"branch","line":11,"loc":{"start":{"line":11,"column":4},"end":{"line":13,"column":8}},"locations":[{"start":{"line":11,"column":4},"end":{"line":13,"column":8}}]},"1":{"type":"branch","line":15,"loc":{"start":{"line":15,"column":4},"end":{"line":17,"column":5}},"locations":[{"start":{"line":15,"column":4},"end":{"line":17,"column":5}}]}},"b":{"0":[1],"1":[1]},"fnMap":{"0":{"name":"GetTodos","decl":{"start":{"line":11,"column":4},"end":{"line":13,"column":8}},"loc":{"start":{"line":11,"column":4},"end":{"line":13,"column":8}},"line":11},"1":{"name":"execute","decl":{"start":{"line":15,"column":4},"end":{"line":17,"column":5}},"loc":{"start":{"line":15,"column":4},"end":{"line":17,"column":5}},"line":15}},"f":{"0":1,"1":1}}
,"/Users/axceldev/Documents/Cursos/Node/07-RestWeb/src/domain/usecases/todos/update-todo.usecase.ts": {"path":"/Users/axceldev/Documents/Cursos/Node/07-RestWeb/src/domain/usecases/todos/update-todo.usecase.ts","all":false,"statementMap":{"0":{"start":{"line":1,"column":0},"end":{"line":1,"column":43}},"1":{"start":{"line":2,"column":0},"end":{"line":2,"column":56}},"2":{"start":{"line":3,"column":0},"end":{"line":3,"column":68}},"3":{"start":{"line":4,"column":0},"end":{"line":4,"column":0}},"4":{"start":{"line":5,"column":0},"end":{"line":5,"column":0}},"5":{"start":{"line":6,"column":0},"end":{"line":6,"column":36}},"6":{"start":{"line":7,"column":0},"end":{"line":7,"column":55}},"7":{"start":{"line":8,"column":0},"end":{"line":8,"column":1}},"8":{"start":{"line":9,"column":0},"end":{"line":9,"column":0}},"9":{"start":{"line":10,"column":0},"end":{"line":10,"column":54}},"10":{"start":{"line":11,"column":0},"end":{"line":11,"column":0}},"11":{"start":{"line":12,"column":0},"end":{"line":12,"column":16}},"12":{"start":{"line":13,"column":0},"end":{"line":13,"column":51}},"13":{"start":{"line":14,"column":0},"end":{"line":14,"column":8}},"14":{"start":{"line":15,"column":0},"end":{"line":15,"column":0}},"15":{"start":{"line":16,"column":0},"end":{"line":16,"column":56}},"16":{"start":{"line":17,"column":0},"end":{"line":17,"column":49}},"17":{"start":{"line":18,"column":0},"end":{"line":18,"column":5}},"18":{"start":{"line":19,"column":0},"end":{"line":19,"column":0}},"19":{"start":{"line":20,"column":0},"end":{"line":20,"column":1}}},"s":{"0":1,"1":1,"2":1,"3":1,"4":1,"5":1,"6":1,"7":1,"8":1,"9":1,"10":1,"11":1,"12":3,"13":3,"14":1,"15":1,"16":3,"17":3,"18":1,"19":1},"branchMap":{"0":{"type":"branch","line":12,"loc":{"start":{"line":12,"column":4},"end":{"line":14,"column":8}},"locations":[{"start":{"line":12,"column":4},"end":{"line":14,"column":8}}]},"1":{"type":"branch","line":16,"loc":{"start":{"line":16,"column":4},"end":{"line":18,"column":5}},"locations":[{"start":{"line":16,"column":4},"end":{"line":18,"column":5}}]}},"b":{"0":[3],"1":[3]},"fnMap":{"0":{"name":"UpdateTodo","decl":{"start":{"line":12,"column":4},"end":{"line":14,"column":8}},"loc":{"start":{"line":12,"column":4},"end":{"line":14,"column":8}},"line":12},"1":{"name":"execute","decl":{"start":{"line":16,"column":4},"end":{"line":18,"column":5}},"loc":{"start":{"line":16,"column":4},"end":{"line":18,"column":5}},"line":16}},"f":{"0":3,"1":3}}
,"/Users/axceldev/Documents/Cursos/Node/07-RestWeb/src/infrastructure/datasources/todo.datasource.impl.ts": {"path":"/Users/axceldev/Documents/Cursos/Node/07-RestWeb/src/infrastructure/datasources/todo.datasource.impl.ts","all":false,"statementMap":{"0":{"start":{"line":1,"column":0},"end":{"line":1,"column":45}},"1":{"start":{"line":2,"column":0},"end":{"line":2,"column":101}},"2":{"start":{"line":3,"column":0},"end":{"line":3,"column":0}},"3":{"start":{"line":4,"column":0},"end":{"line":4,"column":59}},"4":{"start":{"line":5,"column":0},"end":{"line":5,"column":0}},"5":{"start":{"line":6,"column":0},"end":{"line":6,"column":45}},"6":{"start":{"line":7,"column":0},"end":{"line":7,"column":51}},"7":{"start":{"line":8,"column":0},"end":{"line":8,"column":62}},"8":{"start":{"line":9,"column":0},"end":{"line":9,"column":5}},"9":{"start":{"line":10,"column":0},"end":{"line":10,"column":4}},"10":{"start":{"line":11,"column":0},"end":{"line":11,"column":60}},"11":{"start":{"line":12,"column":0},"end":{"line":12,"column":0}},"12":{"start":{"line":13,"column":0},"end":{"line":13,"column":46}},"13":{"start":{"line":14,"column":0},"end":{"line":14,"column":0}},"14":{"start":{"line":15,"column":0},"end":{"line":15,"column":51}},"15":{"start":{"line":16,"column":0},"end":{"line":16,"column":33}},"16":{"start":{"line":17,"column":0},"end":{"line":17,"column":11}},"17":{"start":{"line":18,"column":0},"end":{"line":18,"column":0}},"18":{"start":{"line":19,"column":0},"end":{"line":19,"column":84}},"19":{"start":{"line":20,"column":0},"end":{"line":20,"column":0}},"20":{"start":{"line":21,"column":0},"end":{"line":21,"column":43}},"21":{"start":{"line":22,"column":0},"end":{"line":22,"column":5}},"22":{"start":{"line":23,"column":0},"end":{"line":23,"column":0}},"23":{"start":{"line":24,"column":0},"end":{"line":24,"column":70}},"24":{"start":{"line":25,"column":0},"end":{"line":25,"column":0}},"25":{"start":{"line":26,"column":0},"end":{"line":26,"column":50}},"26":{"start":{"line":27,"column":0},"end":{"line":27,"column":33}},"27":{"start":{"line":28,"column":0},"end":{"line":28,"column":11}},"28":{"start":{"line":29,"column":0},"end":{"line":29,"column":0}},"29":{"start":{"line":30,"column":0},"end":{"line":30,"column":46}},"30":{"start":{"line":31,"column":0},"end":{"line":31,"column":5}},"31":{"start":{"line":32,"column":0},"end":{"line":32,"column":0}},"32":{"start":{"line":33,"column":0},"end":{"line":33,"column":0}},"33":{"start":{"line":34,"column":0},"end":{"line":34,"column":56}},"34":{"start":{"line":35,"column":0},"end":{"line":35,"column":39}},"35":{"start":{"line":36,"column":0},"end":{"line":36,"column":71}},"36":{"start":{"line":37,"column":0},"end":{"line":37,"column":5}},"37":{"start":{"line":38,"column":0},"end":{"line":38,"column":0}},"38":{"start":{"line":39,"column":0},"end":{"line":39,"column":75}},"39":{"start":{"line":40,"column":0},"end":{"line":40,"column":0}},"40":{"start":{"line":41,"column":0},"end":{"line":41,"column":49}},"41":{"start":{"line":42,"column":0},"end":{"line":42,"column":0}},"42":{"start":{"line":43,"column":0},"end":{"line":43,"column":54}},"43":{"start":{"line":44,"column":0},"end":{"line":44,"column":44}},"44":{"start":{"line":45,"column":0},"end":{"line":45,"column":40}},"45":{"start":{"line":46,"column":0},"end":{"line":46,"column":11}},"46":{"start":{"line":47,"column":0},"end":{"line":47,"column":0}},"47":{"start":{"line":48,"column":0},"end":{"line":48,"column":50}},"48":{"start":{"line":49,"column":0},"end":{"line":49,"column":5}},"49":{"start":{"line":50,"column":0},"end":{"line":50,"column":5}},"50":{"start":{"line":51,"column":0},"end":{"line":51,"column":1}}},"s":{"0":1,"1":1,"2":1,"3":1,"4":1,"5":1,"6":1,"7":1,"8":1,"9":1,"10":1,"11":7,"12":7,"13":7,"14":7,"15":7,"16":7,"17":7,"18":7,"19":4,"20":4,"21":4,"22":1,"23":1,"24":0,"25":0,"26":0,"27":0,"28":0,"29":0,"30":0,"31":1,"32":1,"33":1,"34":2,"35":1,"36":1,"37":1,"38":1,"39":3,"40":3,"41":2,"42":2,"43":2,"44":2,"45":2,"46":2,"47":2,"48":2,"49":1,"50":1},"branchMap":{"0":{"type":"branch","line":6,"loc":{"start":{"line":6,"column":10},"end":{"line":9,"column":5}},"locations":[{"start":{"line":6,"column":10},"end":{"line":9,"column":5}}]},"1":{"type":"branch","line":8,"loc":{"start":{"line":8,"column":25},"end":{"line":8,"column":60}},"locations":[{"start":{"line":8,"column":25},"end":{"line":8,"column":60}}]},"2":{"type":"branch","line":11,"loc":{"start":{"line":11,"column":10},"end":{"line":22,"column":5}},"locations":[{"start":{"line":11,"column":10},"end":{"line":22,"column":5}}]},"3":{"type":"branch","line":13,"loc":{"start":{"line":13,"column":27},"end":{"line":13,"column":46}},"locations":[{"start":{"line":13,"column":27},"end":{"line":13,"column":46}}]},"4":{"type":"branch","line":19,"loc":{"start":{"line":19,"column":21},"end":{"line":19,"column":84}},"locations":[{"start":{"line":19,"column":21},"end":{"line":19,"column":84}}]},"5":{"type":"branch","line":20,"loc":{"start":{"line":20,"column":-1},"end":{"line":22,"column":5}},"locations":[{"start":{"line":20,"column":-1},"end":{"line":22,"column":5}}]},"6":{"type":"branch","line":34,"loc":{"start":{"line":34,"column":10},"end":{"line":37,"column":5}},"locations":[{"start":{"line":34,"column":10},"end":{"line":37,"column":5}}]},"7":{"type":"branch","line":36,"loc":{"start":{"line":36,"column":-1},"end":{"line":37,"column":5}},"locations":[{"start":{"line":36,"column":-1},"end":{"line":37,"column":5}}]},"8":{"type":"branch","line":39,"loc":{"start":{"line":39,"column":10},"end":{"line":49,"column":5}},"locations":[{"start":{"line":39,"column":10},"end":{"line":49,"column":5}}]},"9":{"type":"branch","line":42,"loc":{"start":{"line":42,"column":-1},"end":{"line":49,"column":5}},"locations":[{"start":{"line":42,"column":-1},"end":{"line":49,"column":5}}]}},"b":{"0":[1],"1":[2],"2":[7],"3":[0],"4":[3],"5":[4],"6":[2],"7":[1],"8":[3],"9":[2]},"fnMap":{"0":{"name":"getTodos","decl":{"start":{"line":6,"column":10},"end":{"line":9,"column":5}},"loc":{"start":{"line":6,"column":10},"end":{"line":9,"column":5}},"line":6},"1":{"name":"getTodoById","decl":{"start":{"line":11,"column":10},"end":{"line":22,"column":5}},"loc":{"start":{"line":11,"column":10},"end":{"line":22,"column":5}},"line":11},"2":{"name":"addTodo","decl":{"start":{"line":24,"column":10},"end":{"line":31,"column":5}},"loc":{"start":{"line":24,"column":10},"end":{"line":31,"column":5}},"line":24},"3":{"name":"removeTodo","decl":{"start":{"line":34,"column":10},"end":{"line":37,"column":5}},"loc":{"start":{"line":34,"column":10},"end":{"line":37,"column":5}},"line":34},"4":{"name":"updateTodo","decl":{"start":{"line":39,"column":10},"end":{"line":49,"column":5}},"loc":{"start":{"line":39,"column":10},"end":{"line":49,"column":5}},"line":39}},"f":{"0":1,"1":7,"2":0,"3":2,"4":3}}
,"/Users/axceldev/Documents/Cursos/Node/07-RestWeb/src/infrastructure/repositories/todo.repository.impl.ts": {"path":"/Users/axceldev/Documents/Cursos/Node/07-RestWeb/src/infrastructure/repositories/todo.repository.impl.ts","all":false,"statementMap":{"0":{"start":{"line":1,"column":0},"end":{"line":1,"column":104}},"1":{"start":{"line":2,"column":0},"end":{"line":2,"column":0}},"2":{"start":{"line":3,"column":0},"end":{"line":3,"column":0}},"3":{"start":{"line":4,"column":0},"end":{"line":4,"column":59}},"4":{"start":{"line":5,"column":0},"end":{"line":5,"column":0}},"5":{"start":{"line":6,"column":0},"end":{"line":6,"column":16}},"6":{"start":{"line":7,"column":0},"end":{"line":7,"column":51}},"7":{"start":{"line":8,"column":0},"end":{"line":8,"column":8}},"8":{"start":{"line":9,"column":0},"end":{"line":9,"column":0}},"9":{"start":{"line":10,"column":0},"end":{"line":10,"column":45}},"10":{"start":{"line":11,"column":0},"end":{"line":11,"column":42}},"11":{"start":{"line":12,"column":0},"end":{"line":12,"column":5}},"12":{"start":{"line":13,"column":0},"end":{"line":13,"column":0}},"13":{"start":{"line":14,"column":0},"end":{"line":14,"column":60}},"14":{"start":{"line":15,"column":0},"end":{"line":15,"column":51}},"15":{"start":{"line":16,"column":0},"end":{"line":16,"column":5}},"16":{"start":{"line":17,"column":0},"end":{"line":17,"column":0}},"17":{"start":{"line":18,"column":0},"end":{"line":18,"column":70}},"18":{"start":{"line":19,"column":0},"end":{"line":19,"column":54}},"19":{"start":{"line":20,"column":0},"end":{"line":20,"column":6}},"20":{"start":{"line":21,"column":0},"end":{"line":21,"column":0}},"21":{"start":{"line":22,"column":0},"end":{"line":22,"column":56}},"22":{"start":{"line":23,"column":0},"end":{"line":23,"column":50}},"23":{"start":{"line":24,"column":0},"end":{"line":24,"column":5}},"24":{"start":{"line":25,"column":0},"end":{"line":25,"column":4}},"25":{"start":{"line":26,"column":0},"end":{"line":26,"column":73}},"26":{"start":{"line":27,"column":0},"end":{"line":27,"column":57}},"27":{"start":{"line":28,"column":0},"end":{"line":28,"column":5}},"28":{"start":{"line":29,"column":0},"end":{"line":29,"column":0}},"29":{"start":{"line":30,"column":0},"end":{"line":30,"column":1}}},"s":{"0":1,"1":1,"2":1,"3":1,"4":1,"5":1,"6":2,"7":2,"8":1,"9":1,"10":1,"11":1,"12":1,"13":1,"14":2,"15":2,"16":1,"17":1,"18":0,"19":0,"20":1,"21":1,"22":2,"23":2,"24":1,"25":1,"26":3,"27":3,"28":1,"29":1},"branchMap":{"0":{"type":"branch","line":6,"loc":{"start":{"line":6,"column":4},"end":{"line":8,"column":8}},"locations":[{"start":{"line":6,"column":4},"end":{"line":8,"column":8}}]},"1":{"type":"branch","line":10,"loc":{"start":{"line":10,"column":10},"end":{"line":12,"column":5}},"locations":[{"start":{"line":10,"column":10},"end":{"line":12,"column":5}}]},"2":{"type":"branch","line":14,"loc":{"start":{"line":14,"column":10},"end":{"line":16,"column":5}},"locations":[{"start":{"line":14,"column":10},"end":{"line":16,"column":5}}]},"3":{"type":"branch","line":22,"loc":{"start":{"line":22,"column":10},"end":{"line":24,"column":5}},"locations":[{"start":{"line":22,"column":10},"end":{"line":24,"column":5}}]},"4":{"type":"branch","line":26,"loc":{"start":{"line":26,"column":10},"end":{"line":28,"column":5}},"locations":[{"start":{"line":26,"column":10},"end":{"line":28,"column":5}}]}},"b":{"0":[2],"1":[1],"2":[2],"3":[2],"4":[3]},"fnMap":{"0":{"name":"TodoRepositoryImpl","decl":{"start":{"line":6,"column":4},"end":{"line":8,"column":8}},"loc":{"start":{"line":6,"column":4},"end":{"line":8,"column":8}},"line":6},"1":{"name":"getTodos","decl":{"start":{"line":10,"column":10},"end":{"line":12,"column":5}},"loc":{"start":{"line":10,"column":10},"end":{"line":12,"column":5}},"line":10},"2":{"name":"getTodoById","decl":{"start":{"line":14,"column":10},"end":{"line":16,"column":5}},"loc":{"start":{"line":14,"column":10},"end":{"line":16,"column":5}},"line":14},"3":{"name":"addTodo","decl":{"start":{"line":18,"column":10},"end":{"line":20,"column":6}},"loc":{"start":{"line":18,"column":10},"end":{"line":20,"column":6}},"line":18},"4":{"name":"removeTodo","decl":{"start":{"line":22,"column":10},"end":{"line":24,"column":5}},"loc":{"start":{"line":22,"column":10},"end":{"line":24,"column":5}},"line":22},"5":{"name":"updateTodo","decl":{"start":{"line":26,"column":10},"end":{"line":28,"column":5}},"loc":{"start":{"line":26,"column":10},"end":{"line":28,"column":5}},"line":26}},"f":{"0":2,"1":1,"2":2,"3":0,"4":2,"5":3}}
,"/Users/axceldev/Documents/Cursos/Node/07-RestWeb/test/test-server.ts": {"path":"/Users/axceldev/Documents/Cursos/Node/07-RestWeb/test/test-server.ts","all":false,"statementMap":{"0":{"start":{"line":1,"column":0},"end":{"line":1,"column":62}},"1":{"start":{"line":2,"column":0},"end":{"line":2,"column":52}},"2":{"start":{"line":3,"column":0},"end":{"line":3,"column":42}},"3":{"start":{"line":4,"column":0},"end":{"line":4,"column":0}},"4":{"start":{"line":5,"column":0},"end":{"line":5,"column":0}},"5":{"start":{"line":6,"column":0},"end":{"line":6,"column":38}},"6":{"start":{"line":7,"column":0},"end":{"line":7,"column":20}},"7":{"start":{"line":8,"column":0},"end":{"line":8,"column":28}},"8":{"start":{"line":9,"column":0},"end":{"line":9,"column":3}}},"s":{"0":1,"1":1,"2":1,"3":1,"4":1,"5":1,"6":1,"7":1,"8":1},"branchMap":{},"b":{},"fnMap":{},"f":{}}
}
