TN:
SF:src/app.ts
FN:11,main
FNF:1
FNH:1
FNDA:1,main
DA:1,1
DA:2,1
DA:3,1
DA:4,1
DA:5,1
DA:6,1
DA:7,1
DA:8,1
DA:9,1
DA:10,1
DA:11,1
DA:12,1
DA:13,1
DA:14,1
DA:15,1
DA:16,1
DA:17,1
DA:18,1
LF:18
LH:18
BRDA:5,0,0,1
BRDA:5,1,0,1
BRDA:11,2,0,1
BRF:3
BRH:3
end_of_record
TN:
SF:src/applications/server.ts
FN:20,Server
FN:27,start
FN:51,close
FNF:3
FNH:3
FNDA:1,Server
FNDA:1,start
FNDA:1,close
DA:1,1
DA:2,1
DA:3,1
DA:4,1
DA:5,1
DA:6,1
DA:7,1
DA:8,1
DA:9,1
DA:10,1
DA:11,1
DA:12,1
DA:13,1
DA:14,1
DA:15,1
DA:16,1
DA:17,1
DA:18,1
DA:19,1
DA:20,1
DA:21,1
DA:22,1
DA:23,1
DA:24,1
DA:25,1
DA:26,1
DA:27,1
DA:28,1
DA:29,1
DA:30,1
DA:31,1
DA:32,1
DA:33,1
DA:34,1
DA:35,1
DA:36,1
DA:37,1
DA:38,1
DA:39,1
DA:40,1
DA:41,1
DA:42,0
DA:43,0
DA:44,1
DA:45,1
DA:46,1
DA:47,1
DA:48,1
DA:49,1
DA:50,1
DA:51,1
DA:52,1
DA:53,1
DA:54,1
LF:54
LH:52
BRDA:20,0,0,1
BRDA:27,1,0,1
BRDA:46,2,0,1
BRDA:51,3,0,1
BRF:4
BRH:4
end_of_record
TN:
SF:src/applications/controllers/todo-controller.ts
FN:7,TodoController
FN:11,TodoController.handleError
FN:21,TodoController.getAllTodos
FN:29,TodoController.getTodoById
FN:39,TodoController.createTodo
FN:52,TodoController.updateTodo
FN:67,TodoController.deleteTodo
FNF:7
FNH:7
FNDA:2,TodoController
FNDA:3,TodoController.handleError
FNDA:1,TodoController.getAllTodos
FNDA:2,TodoController.getTodoById
FNDA:2,TodoController.createTodo
FNDA:3,TodoController.updateTodo
FNDA:2,TodoController.deleteTodo
DA:1,1
DA:2,1
DA:3,1
DA:4,1
DA:5,1
DA:6,1
DA:7,1
DA:8,2
DA:9,2
DA:10,1
DA:11,1
DA:12,3
DA:13,3
DA:14,3
DA:15,3
DA:16,0
DA:17,0
DA:18,0
DA:19,1
DA:20,1
DA:21,1
DA:22,1
DA:23,1
DA:24,1
DA:25,1
DA:26,1
DA:27,1
DA:28,1
DA:29,1
DA:30,2
DA:31,2
DA:32,2
DA:33,2
DA:34,2
DA:35,2
DA:36,2
DA:37,2
DA:38,1
DA:39,1
DA:40,2
DA:41,2
DA:42,2
DA:43,2
DA:44,0
DA:45,0
DA:46,0
DA:47,0
DA:48,0
DA:49,0
DA:50,0
DA:51,1
DA:52,1
DA:53,3
DA:54,3
DA:55,3
DA:56,3
DA:57,3
DA:58,3
DA:59,3
DA:60,3
DA:61,3
DA:62,3
DA:63,3
DA:64,3
DA:65,3
DA:66,1
DA:67,1
DA:68,2
DA:69,2
DA:70,2
DA:71,2
DA:72,2
DA:73,2
DA:74,2
DA:75,2
DA:76,2
DA:77,1
DA:78,1
DA:79,1
DA:80,1
LF:80
LH:70
BRDA:7,0,0,2
BRDA:11,1,0,3
BRDA:16,2,0,0
BRDA:21,3,0,1
BRDA:25,4,0,1
BRDA:29,5,0,2
BRDA:34,6,0,1
BRDA:35,7,0,1
BRDA:39,8,0,2
BRDA:44,9,0,0
BRDA:52,10,0,3
BRDA:58,11,0,0
BRDA:62,12,0,2
BRDA:63,13,0,1
BRDA:67,14,0,2
BRDA:73,15,0,1
BRDA:74,16,0,1
BRF:17
BRH:14
end_of_record
TN:
SF:src/applications/routes/routes.ts
FN:7,get routes
FNF:1
FNH:1
FNDA:2,get routes
DA:1,1
DA:2,1
DA:3,1
DA:4,1
DA:5,1
DA:6,1
DA:7,1
DA:8,2
DA:9,2
DA:10,2
DA:11,2
DA:12,2
DA:13,2
DA:14,2
DA:15,1
LF:15
LH:15
BRDA:7,0,0,2
BRF:1
BRH:1
end_of_record
TN:
SF:src/applications/routes/todo-routes.ts
FN:9,get routes
FNF:1
FNH:1
FNDA:2,get routes
DA:1,1
DA:2,1
DA:3,1
DA:4,1
DA:5,1
DA:6,1
DA:7,1
DA:8,1
DA:9,1
DA:10,2
DA:11,2
DA:12,2
DA:13,2
DA:14,2
DA:15,2
DA:16,2
DA:17,2
DA:18,2
DA:19,2
DA:20,2
DA:21,2
DA:22,2
DA:23,2
DA:24,2
DA:25,1
LF:25
LH:25
BRDA:9,0,0,2
BRF:1
BRH:1
end_of_record
TN:
SF:src/config/envs.ts
FNF:0
FNH:0
DA:1,1
DA:2,1
DA:3,1
DA:4,1
DA:5,1
DA:6,1
DA:7,1
DA:8,1
DA:9,1
LF:9
LH:9
BRF:0
BRH:0
end_of_record
TN:
SF:src/data/postgres/index.ts
FNF:0
FNH:0
DA:1,1
DA:2,1
DA:3,1
DA:4,1
LF:4
LH:4
BRF:0
BRH:0
end_of_record
TN:
SF:src/domain/index.ts
FNF:0
FNH:0
DA:1,1
DA:2,1
DA:3,1
DA:4,1
DA:5,1
DA:6,1
DA:7,1
DA:8,1
DA:9,1
DA:10,1
DA:11,1
DA:12,1
LF:12
LH:12
BRF:0
BRH:0
end_of_record
TN:
SF:src/domain/datasources/todo.datasource.ts
FNF:0
FNH:0
DA:1,1
DA:2,1
DA:3,1
DA:4,1
DA:5,1
DA:6,1
DA:7,1
DA:8,1
DA:9,1
DA:10,1
DA:11,1
DA:12,1
DA:13,1
LF:13
LH:13
BRF:0
BRH:0
end_of_record
TN:
SF:src/domain/dtos/todos/create-todo.dto.ts
FN:6,CreateTodoDto
FN:10,create
FNF:2
FNH:1
FNDA:0,CreateTodoDto
FNDA:2,create
DA:1,1
DA:2,1
DA:3,1
DA:4,1
DA:5,1
DA:6,1
DA:7,0
DA:8,0
DA:9,1
DA:10,1
DA:11,2
DA:12,2
DA:13,2
DA:14,0
DA:15,0
DA:16,0
DA:17,1
LF:17
LH:12
BRDA:10,0,0,2
BRDA:14,1,0,0
BRF:2
BRH:1
end_of_record
TN:
SF:src/domain/dtos/todos/update-todo.dto.ts
FN:5,UpdateTodoDto
FN:11,get values
FN:18,update
FNF:3
FNH:3
FNDA:3,UpdateTodoDto
FNDA:2,get values
FNDA:3,update
DA:1,1
DA:2,1
DA:3,1
DA:4,1
DA:5,1
DA:6,3
DA:7,3
DA:8,3
DA:9,3
DA:10,1
DA:11,1
DA:12,2
DA:13,2
DA:14,2
DA:15,2
DA:16,2
DA:17,1
DA:18,1
DA:19,3
DA:20,3
DA:21,3
DA:22,3
DA:23,3
DA:24,3
DA:25,3
DA:26,2
DA:27,2
DA:28,0
DA:29,0
DA:30,2
DA:31,3
DA:32,3
DA:33,3
DA:34,1
DA:35,1
LF:35
LH:33
BRDA:5,0,0,3
BRDA:11,1,0,2
BRDA:13,2,0,1
BRDA:18,3,0,3
BRDA:23,4,0,0
BRDA:25,5,0,2
BRDA:27,6,0,0
BRF:7
BRH:5
end_of_record
TN:
SF:src/domain/entities/todo.entity.ts
FN:4,TodoEntity
FN:10,get isCompleted
FN:14,fromObject
FNF:3
FNH:2
FNDA:8,TodoEntity
FNDA:0,get isCompleted
FNDA:8,fromObject
DA:1,1
DA:2,1
DA:3,1
DA:4,1
DA:5,8
DA:6,8
DA:7,8
DA:8,8
DA:9,1
DA:10,1
DA:11,0
DA:12,0
DA:13,1
DA:14,1
DA:15,8
DA:16,8
DA:17,8
DA:18,8
DA:19,8
DA:20,8
DA:21,8
DA:22,8
DA:23,2
DA:24,2
DA:25,0
DA:26,0
DA:27,2
DA:28,8
DA:29,8
DA:30,8
DA:31,8
DA:32,8
DA:33,8
DA:34,8
DA:35,1
DA:36,1
LF:36
LH:32
BRDA:4,0,0,8
BRDA:14,1,0,8
BRDA:19,2,0,0
BRDA:22,3,0,2
BRDA:24,4,0,0
BRF:5
BRH:3
end_of_record
TN:
SF:src/domain/errors/custom.error.ts
FN:5,CustomError
FNF:1
FNH:1
FNDA:3,CustomError
DA:1,1
DA:2,1
DA:3,1
DA:4,1
DA:5,1
DA:6,3
DA:7,3
DA:8,3
DA:9,3
DA:10,3
DA:11,1
LF:11
LH:11
BRDA:5,0,0,3
BRF:1
BRH:1
end_of_record
TN:
SF:src/domain/repositories/todo.repository.ts
FNF:0
FNH:0
DA:1,1
DA:2,1
DA:3,1
DA:4,1
DA:5,1
DA:6,1
DA:7,1
DA:8,1
DA:9,1
DA:10,1
DA:11,1
DA:12,1
DA:13,1
LF:13
LH:13
BRF:0
BRH:0
end_of_record
TN:
SF:src/domain/usecases/todos/create-todo.usecase.ts
FN:13,CreateTodo
FN:17,execute
FNF:2
FNH:0
FNDA:0,CreateTodo
FNDA:0,execute
DA:1,1
DA:2,1
DA:3,1
DA:4,1
DA:5,1
DA:6,1
DA:7,1
DA:8,1
DA:9,1
DA:10,1
DA:11,1
DA:12,1
DA:13,1
DA:14,0
DA:15,0
DA:16,1
DA:17,1
DA:18,0
DA:19,0
DA:20,1
DA:21,1
LF:21
LH:17
BRF:0
BRH:0
end_of_record
TN:
SF:src/domain/usecases/todos/delete-todo.usecase.ts
FN:12,DeleteTodo
FN:16,execute
FNF:2
FNH:2
FNDA:2,DeleteTodo
FNDA:2,execute
DA:1,1
DA:2,1
DA:3,1
DA:4,1
DA:5,1
DA:6,1
DA:7,1
DA:8,1
DA:9,1
DA:10,1
DA:11,1
DA:12,1
DA:13,2
DA:14,2
DA:15,1
DA:16,1
DA:17,2
DA:18,2
DA:19,1
DA:20,1
LF:20
LH:20
BRDA:12,0,0,2
BRDA:16,1,0,2
BRF:2
BRH:2
end_of_record
TN:
SF:src/domain/usecases/todos/get-todo.usecase.ts
FN:13,GetTodo
FN:17,execute
FNF:2
FNH:2
FNDA:2,GetTodo
FNDA:2,execute
DA:1,1
DA:2,1
DA:3,1
DA:4,1
DA:5,1
DA:6,1
DA:7,1
DA:8,1
DA:9,1
DA:10,1
DA:11,1
DA:12,1
DA:13,1
DA:14,2
DA:15,2
DA:16,1
DA:17,1
DA:18,2
DA:19,2
DA:20,1
LF:20
LH:20
BRDA:13,0,0,2
BRDA:17,1,0,2
BRF:2
BRH:2
end_of_record
TN:
SF:src/domain/usecases/todos/get-todos.usecase.ts
FN:11,GetTodos
FN:15,execute
FNF:2
FNH:2
FNDA:1,GetTodos
FNDA:1,execute
DA:1,1
DA:2,1
DA:3,1
DA:4,1
DA:5,1
DA:6,1
DA:7,1
DA:8,1
DA:9,1
DA:10,1
DA:11,1
DA:12,1
DA:13,1
DA:14,1
DA:15,1
DA:16,1
DA:17,1
DA:18,1
LF:18
LH:18
BRDA:11,0,0,1
BRDA:15,1,0,1
BRF:2
BRH:2
end_of_record
TN:
SF:src/domain/usecases/todos/update-todo.usecase.ts
FN:12,UpdateTodo
FN:16,execute
FNF:2
FNH:2
FNDA:3,UpdateTodo
FNDA:3,execute
DA:1,1
DA:2,1
DA:3,1
DA:4,1
DA:5,1
DA:6,1
DA:7,1
DA:8,1
DA:9,1
DA:10,1
DA:11,1
DA:12,1
DA:13,3
DA:14,3
DA:15,1
DA:16,1
DA:17,3
DA:18,3
DA:19,1
DA:20,1
LF:20
LH:20
BRDA:12,0,0,3
BRDA:16,1,0,3
BRF:2
BRH:2
end_of_record
TN:
SF:src/infrastructure/datasources/todo.datasource.impl.ts
FN:6,getTodos
FN:11,getTodoById
FN:24,addTodo
FN:34,removeTodo
FN:39,updateTodo
FNF:5
FNH:4
FNDA:1,getTodos
FNDA:7,getTodoById
FNDA:0,addTodo
FNDA:2,removeTodo
FNDA:3,updateTodo
DA:1,1
DA:2,1
DA:3,1
DA:4,1
DA:5,1
DA:6,1
DA:7,1
DA:8,1
DA:9,1
DA:10,1
DA:11,1
DA:12,7
DA:13,7
DA:14,7
DA:15,7
DA:16,7
DA:17,7
DA:18,7
DA:19,7
DA:20,4
DA:21,4
DA:22,4
DA:23,1
DA:24,1
DA:25,0
DA:26,0
DA:27,0
DA:28,0
DA:29,0
DA:30,0
DA:31,0
DA:32,1
DA:33,1
DA:34,1
DA:35,2
DA:36,1
DA:37,1
DA:38,1
DA:39,1
DA:40,3
DA:41,3
DA:42,2
DA:43,2
DA:44,2
DA:45,2
DA:46,2
DA:47,2
DA:48,2
DA:49,2
DA:50,1
DA:51,1
LF:51
LH:44
BRDA:6,0,0,1
BRDA:8,1,0,2
BRDA:11,2,0,7
BRDA:13,3,0,0
BRDA:19,4,0,3
BRDA:20,5,0,4
BRDA:34,6,0,2
BRDA:36,7,0,1
BRDA:39,8,0,3
BRDA:42,9,0,2
BRF:10
BRH:9
end_of_record
TN:
SF:src/infrastructure/repositories/todo.repository.impl.ts
FN:6,TodoRepositoryImpl
FN:10,getTodos
FN:14,getTodoById
FN:18,addTodo
FN:22,removeTodo
FN:26,updateTodo
FNF:6
FNH:5
FNDA:2,TodoRepositoryImpl
FNDA:1,getTodos
FNDA:2,getTodoById
FNDA:0,addTodo
FNDA:2,removeTodo
FNDA:3,updateTodo
DA:1,1
DA:2,1
DA:3,1
DA:4,1
DA:5,1
DA:6,1
DA:7,2
DA:8,2
DA:9,1
DA:10,1
DA:11,1
DA:12,1
DA:13,1
DA:14,1
DA:15,2
DA:16,2
DA:17,1
DA:18,1
DA:19,0
DA:20,0
DA:21,1
DA:22,1
DA:23,2
DA:24,2
DA:25,1
DA:26,1
DA:27,3
DA:28,3
DA:29,1
DA:30,1
LF:30
LH:28
BRDA:6,0,0,2
BRDA:10,1,0,1
BRDA:14,2,0,2
BRDA:22,3,0,2
BRDA:26,4,0,3
BRF:5
BRH:5
end_of_record
TN:
SF:test/test-server.ts
FNF:0
FNH:0
DA:1,1
DA:2,1
DA:3,1
DA:4,1
DA:5,1
DA:6,1
DA:7,1
DA:8,1
DA:9,1
LF:9
LH:9
BRF:0
BRH:0
end_of_record
